[0.057s] Invoking command in '/home/eragon/ArUco/build/robot_camera_processor': CMAKE_PREFIX_PATH=${CMAKE_PREFIX_PATH}:/opt/ros/humble /usr/bin/cmake --build /home/eragon/ArUco/build/robot_camera_processor -- -j8 -l8
[0.259s] [ 50%] Building CXX object CMakeFiles/robot_camera_processor_node.dir/src/robot_camera_processor_node.cpp.o
[7.680s] /home/eragon/ArUco/src/robot_camera_processor/src/robot_camera_processor_node.cpp: In member function ‘void RobotCameraProcessor::timer_callback()’:
[7.681s] /home/eragon/ArUco/src/robot_camera_processor/src/robot_camera_processor_node.cpp:104:39: warning: narrowing conversion of ‘((-((RobotCameraProcessor*)this)->RobotCameraProcessor::marker_size_) / (double)2)’ from ‘double’ to ‘float’ [-Wnarrowing]
[7.681s]   104 |                         {-marker_size_/2, marker_size_/2, 0},
[7.681s]       |                          ~~~~~~~~~~~~~^~
[7.681s] /home/eragon/ArUco/src/robot_camera_processor/src/robot_camera_processor_node.cpp:104:55: warning: narrowing conversion of ‘(((RobotCameraProcessor*)this)->RobotCameraProcessor::marker_size_ / (double)2)’ from ‘double’ to ‘float’ [-Wnarrowing]
[7.681s]   104 |                         {-marker_size_/2, marker_size_/2, 0},
[7.681s]       |                                           ~~~~~~~~~~~~^~
[7.681s] /home/eragon/ArUco/src/robot_camera_processor/src/robot_camera_processor_node.cpp:105:38: warning: narrowing conversion of ‘(((RobotCameraProcessor*)this)->RobotCameraProcessor::marker_size_ / (double)2)’ from ‘double’ to ‘float’ [-Wnarrowing]
[7.681s]   105 |                         {marker_size_/2, marker_size_/2, 0},
[7.682s]       |                          ~~~~~~~~~~~~^~
[7.682s] /home/eragon/ArUco/src/robot_camera_processor/src/robot_camera_processor_node.cpp:105:54: warning: narrowing conversion of ‘(((RobotCameraProcessor*)this)->RobotCameraProcessor::marker_size_ / (double)2)’ from ‘double’ to ‘float’ [-Wnarrowing]
[7.682s]   105 |                         {marker_size_/2, marker_size_/2, 0},
[7.682s]       |                                          ~~~~~~~~~~~~^~
[7.682s] /home/eragon/ArUco/src/robot_camera_processor/src/robot_camera_processor_node.cpp:106:38: warning: narrowing conversion of ‘(((RobotCameraProcessor*)this)->RobotCameraProcessor::marker_size_ / (double)2)’ from ‘double’ to ‘float’ [-Wnarrowing]
[7.682s]   106 |                         {marker_size_/2, -marker_size_/2, 0},
[7.682s]       |                          ~~~~~~~~~~~~^~
[7.682s] /home/eragon/ArUco/src/robot_camera_processor/src/robot_camera_processor_node.cpp:106:55: warning: narrowing conversion of ‘((-((RobotCameraProcessor*)this)->RobotCameraProcessor::marker_size_) / (double)2)’ from ‘double’ to ‘float’ [-Wnarrowing]
[7.682s]   106 |                         {marker_size_/2, -marker_size_/2, 0},
[7.682s]       |                                          ~~~~~~~~~~~~~^~
[7.683s] /home/eragon/ArUco/src/robot_camera_processor/src/robot_camera_processor_node.cpp:107:39: warning: narrowing conversion of ‘((-((RobotCameraProcessor*)this)->RobotCameraProcessor::marker_size_) / (double)2)’ from ‘double’ to ‘float’ [-Wnarrowing]
[7.683s]   107 |                         {-marker_size_/2, -marker_size_/2, 0}
[7.683s]       |                          ~~~~~~~~~~~~~^~
[7.683s] /home/eragon/ArUco/src/robot_camera_processor/src/robot_camera_processor_node.cpp:107:56: warning: narrowing conversion of ‘((-((RobotCameraProcessor*)this)->RobotCameraProcessor::marker_size_) / (double)2)’ from ‘double’ to ‘float’ [-Wnarrowing]
[7.683s]   107 |                         {-marker_size_/2, -marker_size_/2, 0}
[7.683s]       |                                           ~~~~~~~~~~~~~^~
[7.694s] /home/eragon/ArUco/src/robot_camera_processor/src/robot_camera_processor_node.cpp:130:23: error: base operand of ‘->’ has non-pointer type ‘image_transport::Publisher’
[7.694s]   130 |             pub_image_->publish(*msg);
[7.695s]       |                       ^~
[7.698s] /home/eragon/ArUco/src/robot_camera_processor/src/robot_camera_processor_node.cpp: In member function ‘void RobotCameraProcessor::publish_marker_pose(int, const Vec3d&, const Vec3d&)’:
[7.699s] /home/eragon/ArUco/src/robot_camera_processor/src/robot_camera_processor_node.cpp:139:34: warning: unused parameter ‘marker_id’ [-Wunused-parameter]
[7.699s]   139 |     void publish_marker_pose(int marker_id, const cv::Vec3d& rvec, const cv::Vec3d& tvec) {
[7.699s]       |                              ~~~~^~~~~~~~~
[10.015s] gmake[2]: *** [CMakeFiles/robot_camera_processor_node.dir/build.make:76: CMakeFiles/robot_camera_processor_node.dir/src/robot_camera_processor_node.cpp.o] Ошибка 1
[10.016s] gmake[1]: *** [CMakeFiles/Makefile2:137: CMakeFiles/robot_camera_processor_node.dir/all] Ошибка 2
[10.017s] gmake: *** [Makefile:146: all] Ошибка 2
[10.022s] Invoked command in '/home/eragon/ArUco/build/robot_camera_processor' returned '2': CMAKE_PREFIX_PATH=${CMAKE_PREFIX_PATH}:/opt/ros/humble /usr/bin/cmake --build /home/eragon/ArUco/build/robot_camera_processor -- -j8 -l8
