[0.047s] Invoking command in '/home/eragon/ArUco/build/robot_camera_processor': CMAKE_PREFIX_PATH=${CMAKE_PREFIX_PATH}:/opt/ros/humble /usr/bin/cmake --build /home/eragon/ArUco/build/robot_camera_processor -- -j8 -l8
[0.174s] Consolidate compiler generated dependencies of target robot_camera_processor_node
[0.261s] [ 50%] Building CXX object CMakeFiles/robot_camera_processor_node.dir/src/robot_camera_processor_node.cpp.o
[8.024s] /home/eragon/ArUco/src/robot_camera_processor/src/robot_camera_processor_node.cpp: In member function ‘void RobotCameraProcessor::timer_callback()’:
[8.024s] /home/eragon/ArUco/src/robot_camera_processor/src/robot_camera_processor_node.cpp:100:39: warning: narrowing conversion of ‘((-((RobotCameraProcessor*)this)->RobotCameraProcessor::marker_size_) / (double)2)’ from ‘double’ to ‘float’ [-Wnarrowing]
[8.024s]   100 |                         {-marker_size_/2, marker_size_/2, 0},
[8.024s]       |                          ~~~~~~~~~~~~~^~
[8.024s] /home/eragon/ArUco/src/robot_camera_processor/src/robot_camera_processor_node.cpp:100:55: warning: narrowing conversion of ‘(((RobotCameraProcessor*)this)->RobotCameraProcessor::marker_size_ / (double)2)’ from ‘double’ to ‘float’ [-Wnarrowing]
[8.024s]   100 |                         {-marker_size_/2, marker_size_/2, 0},
[8.025s]       |                                           ~~~~~~~~~~~~^~
[8.025s] /home/eragon/ArUco/src/robot_camera_processor/src/robot_camera_processor_node.cpp:101:38: warning: narrowing conversion of ‘(((RobotCameraProcessor*)this)->RobotCameraProcessor::marker_size_ / (double)2)’ from ‘double’ to ‘float’ [-Wnarrowing]
[8.025s]   101 |                         {marker_size_/2, marker_size_/2, 0},
[8.025s]       |                          ~~~~~~~~~~~~^~
[8.026s] /home/eragon/ArUco/src/robot_camera_processor/src/robot_camera_processor_node.cpp:101:54: warning: narrowing conversion of ‘(((RobotCameraProcessor*)this)->RobotCameraProcessor::marker_size_ / (double)2)’ from ‘double’ to ‘float’ [-Wnarrowing]
[8.026s]   101 |                         {marker_size_/2, marker_size_/2, 0},
[8.026s]       |                                          ~~~~~~~~~~~~^~
[8.026s] /home/eragon/ArUco/src/robot_camera_processor/src/robot_camera_processor_node.cpp:102:38: warning: narrowing conversion of ‘(((RobotCameraProcessor*)this)->RobotCameraProcessor::marker_size_ / (double)2)’ from ‘double’ to ‘float’ [-Wnarrowing]
[8.026s]   102 |                         {marker_size_/2, -marker_size_/2, 0},
[8.027s]       |                          ~~~~~~~~~~~~^~
[8.027s] /home/eragon/ArUco/src/robot_camera_processor/src/robot_camera_processor_node.cpp:102:55: warning: narrowing conversion of ‘((-((RobotCameraProcessor*)this)->RobotCameraProcessor::marker_size_) / (double)2)’ from ‘double’ to ‘float’ [-Wnarrowing]
[8.027s]   102 |                         {marker_size_/2, -marker_size_/2, 0},
[8.027s]       |                                          ~~~~~~~~~~~~~^~
[8.027s] /home/eragon/ArUco/src/robot_camera_processor/src/robot_camera_processor_node.cpp:103:39: warning: narrowing conversion of ‘((-((RobotCameraProcessor*)this)->RobotCameraProcessor::marker_size_) / (double)2)’ from ‘double’ to ‘float’ [-Wnarrowing]
[8.028s]   103 |                         {-marker_size_/2, -marker_size_/2, 0}
[8.028s]       |                          ~~~~~~~~~~~~~^~
[8.028s] /home/eragon/ArUco/src/robot_camera_processor/src/robot_camera_processor_node.cpp:103:56: warning: narrowing conversion of ‘((-((RobotCameraProcessor*)this)->RobotCameraProcessor::marker_size_) / (double)2)’ from ‘double’ to ‘float’ [-Wnarrowing]
[8.028s]   103 |                         {-marker_size_/2, -marker_size_/2, 0}
[8.028s]       |                                           ~~~~~~~~~~~~~^~
[8.037s] /home/eragon/ArUco/src/robot_camera_processor/src/robot_camera_processor_node.cpp:126:23: error: base operand of ‘->’ has non-pointer type ‘image_transport::Publisher’
[8.037s]   126 |             pub_image_->publish(msg);
[8.037s]       |                       ^~
[10.539s] gmake[2]: *** [CMakeFiles/robot_camera_processor_node.dir/build.make:76: CMakeFiles/robot_camera_processor_node.dir/src/robot_camera_processor_node.cpp.o] Ошибка 1
[10.539s] gmake[1]: *** [CMakeFiles/Makefile2:137: CMakeFiles/robot_camera_processor_node.dir/all] Ошибка 2
[10.540s] gmake: *** [Makefile:146: all] Ошибка 2
[10.545s] Invoked command in '/home/eragon/ArUco/build/robot_camera_processor' returned '2': CMAKE_PREFIX_PATH=${CMAKE_PREFIX_PATH}:/opt/ros/humble /usr/bin/cmake --build /home/eragon/ArUco/build/robot_camera_processor -- -j8 -l8
