[0.038s] Invoking command in '/home/eragon/ArUco/build/robot_camera_processor': CMAKE_PREFIX_PATH=${CMAKE_PREFIX_PATH}:/opt/ros/humble /usr/bin/cmake --build /home/eragon/ArUco/build/robot_camera_processor -- -j8 -l8
[0.141s] Consolidate compiler generated dependencies of target robot_camera_processor_node
[0.200s] [ 50%] Building CXX object CMakeFiles/robot_camera_processor_node.dir/src/robot_camera_processor_node.cpp.o
[6.437s] /home/eragon/ArUco/src/robot_camera_processor/src/robot_camera_processor_node.cpp: In member function ‘void RobotCameraProcessor::timer_callback()’:
[6.437s] /home/eragon/ArUco/src/robot_camera_processor/src/robot_camera_processor_node.cpp:104:39: warning: narrowing conversion of ‘((-((RobotCameraProcessor*)this)->RobotCameraProcessor::marker_size_) / (double)2)’ from ‘double’ to ‘float’ [-Wnarrowing]
[6.437s]   104 |                         {-marker_size_/2, marker_size_/2, 0},
[6.438s]       |                          ~~~~~~~~~~~~~^~
[6.438s] /home/eragon/ArUco/src/robot_camera_processor/src/robot_camera_processor_node.cpp:104:55: warning: narrowing conversion of ‘(((RobotCameraProcessor*)this)->RobotCameraProcessor::marker_size_ / (double)2)’ from ‘double’ to ‘float’ [-Wnarrowing]
[6.438s]   104 |                         {-marker_size_/2, marker_size_/2, 0},
[6.438s]       |                                           ~~~~~~~~~~~~^~
[6.438s] /home/eragon/ArUco/src/robot_camera_processor/src/robot_camera_processor_node.cpp:105:38: warning: narrowing conversion of ‘(((RobotCameraProcessor*)this)->RobotCameraProcessor::marker_size_ / (double)2)’ from ‘double’ to ‘float’ [-Wnarrowing]
[6.438s]   105 |                         {marker_size_/2, marker_size_/2, 0},
[6.438s]       |                          ~~~~~~~~~~~~^~
[6.439s] /home/eragon/ArUco/src/robot_camera_processor/src/robot_camera_processor_node.cpp:105:54: warning: narrowing conversion of ‘(((RobotCameraProcessor*)this)->RobotCameraProcessor::marker_size_ / (double)2)’ from ‘double’ to ‘float’ [-Wnarrowing]
[6.439s]   105 |                         {marker_size_/2, marker_size_/2, 0},
[6.439s]       |                                          ~~~~~~~~~~~~^~
[6.439s] /home/eragon/ArUco/src/robot_camera_processor/src/robot_camera_processor_node.cpp:106:38: warning: narrowing conversion of ‘(((RobotCameraProcessor*)this)->RobotCameraProcessor::marker_size_ / (double)2)’ from ‘double’ to ‘float’ [-Wnarrowing]
[6.439s]   106 |                         {marker_size_/2, -marker_size_/2, 0},
[6.439s]       |                          ~~~~~~~~~~~~^~
[6.439s] /home/eragon/ArUco/src/robot_camera_processor/src/robot_camera_processor_node.cpp:106:55: warning: narrowing conversion of ‘((-((RobotCameraProcessor*)this)->RobotCameraProcessor::marker_size_) / (double)2)’ from ‘double’ to ‘float’ [-Wnarrowing]
[6.440s]   106 |                         {marker_size_/2, -marker_size_/2, 0},
[6.440s]       |                                          ~~~~~~~~~~~~~^~
[6.440s] /home/eragon/ArUco/src/robot_camera_processor/src/robot_camera_processor_node.cpp:107:39: warning: narrowing conversion of ‘((-((RobotCameraProcessor*)this)->RobotCameraProcessor::marker_size_) / (double)2)’ from ‘double’ to ‘float’ [-Wnarrowing]
[6.440s]   107 |                         {-marker_size_/2, -marker_size_/2, 0}
[6.440s]       |                          ~~~~~~~~~~~~~^~
[6.440s] /home/eragon/ArUco/src/robot_camera_processor/src/robot_camera_processor_node.cpp:107:56: warning: narrowing conversion of ‘((-((RobotCameraProcessor*)this)->RobotCameraProcessor::marker_size_) / (double)2)’ from ‘double’ to ‘float’ [-Wnarrowing]
[6.440s]   107 |                         {-marker_size_/2, -marker_size_/2, 0}
[6.440s]       |                                           ~~~~~~~~~~~~~^~
[6.449s] /home/eragon/ArUco/src/robot_camera_processor/src/robot_camera_processor_node.cpp:130:23: error: base operand of ‘->’ has non-pointer type ‘image_transport::Publisher’
[6.450s]   130 |             pub_image_->publish(*msg);
[6.450s]       |                       ^~
[6.453s] /home/eragon/ArUco/src/robot_camera_processor/src/robot_camera_processor_node.cpp: In member function ‘void RobotCameraProcessor::publish_marker_pose(int, const Vec3d&, const Vec3d&)’:
[6.453s] /home/eragon/ArUco/src/robot_camera_processor/src/robot_camera_processor_node.cpp:139:34: warning: unused parameter ‘marker_id’ [-Wunused-parameter]
[6.453s]   139 |     void publish_marker_pose(int marker_id, const cv::Vec3d& rvec, const cv::Vec3d& tvec) {
[6.454s]       |                              ~~~~^~~~~~~~~
[8.717s] gmake[2]: *** [CMakeFiles/robot_camera_processor_node.dir/build.make:76: CMakeFiles/robot_camera_processor_node.dir/src/robot_camera_processor_node.cpp.o] Ошибка 1
[8.718s] gmake[1]: *** [CMakeFiles/Makefile2:137: CMakeFiles/robot_camera_processor_node.dir/all] Ошибка 2
[8.718s] gmake: *** [Makefile:146: all] Ошибка 2
[8.723s] Invoked command in '/home/eragon/ArUco/build/robot_camera_processor' returned '2': CMAKE_PREFIX_PATH=${CMAKE_PREFIX_PATH}:/opt/ros/humble /usr/bin/cmake --build /home/eragon/ArUco/build/robot_camera_processor -- -j8 -l8
