[0.037s] Invoking command in '/home/eragon/ArUco/build/lab4_image_receiver': CMAKE_PREFIX_PATH=${CMAKE_PREFIX_PATH}:/opt/ros/humble /usr/bin/cmake --build /home/eragon/ArUco/build/lab4_image_receiver -- -j8 -l8
[0.097s] -- Found ament_cmake: 1.3.11 (/opt/ros/humble/share/ament_cmake/cmake)
[0.309s] -- Found rclcpp: 16.0.12 (/opt/ros/humble/share/rclcpp/cmake)
[0.360s] -- Found rosidl_generator_c: 3.1.6 (/opt/ros/humble/share/rosidl_generator_c/cmake)
[0.363s] -- Found rosidl_adapter: 3.1.6 (/opt/ros/humble/share/rosidl_adapter/cmake)
[0.371s] -- Found rosidl_generator_cpp: 3.1.6 (/opt/ros/humble/share/rosidl_generator_cpp/cmake)
[0.382s] -- Using all available rosidl_typesupport_c: rosidl_typesupport_fastrtps_c;rosidl_typesupport_introspection_c
[0.396s] -- Using all available rosidl_typesupport_cpp: rosidl_typesupport_fastrtps_cpp;rosidl_typesupport_introspection_cpp
[0.433s] -- Found rmw_implementation_cmake: 6.1.2 (/opt/ros/humble/share/rmw_implementation_cmake/cmake)
[0.435s] -- Found rmw_fastrtps_cpp: 6.2.7 (/opt/ros/humble/share/rmw_fastrtps_cpp/cmake)
[0.601s] -- Using RMW implementation 'rmw_fastrtps_cpp' as default
[0.667s] -- Found sensor_msgs: 4.8.0 (/opt/ros/humble/share/sensor_msgs/cmake)
[0.701s] -- Found cv_bridge: 3.2.1 (/opt/ros/humble/share/cv_bridge/cmake)
[0.716s] -- Found image_transport: 3.1.11 (/opt/ros/humble/share/image_transport/cmake)
[0.744s] -- Found tf2: 0.25.12 (/opt/ros/humble/share/tf2/cmake)
[0.847s] -- Configuring done
[0.885s] -- Generating done
[0.893s] -- Build files have been written to: /home/eragon/ArUco/build/lab4_image_receiver
[0.960s] Consolidate compiler generated dependencies of target lab4_image_receiver_node
[0.987s] [ 50%] Building CXX object CMakeFiles/lab4_image_receiver_node.dir/src/lab4_image_receiver_node.cpp.o
[5.259s] /home/eragon/ArUco/src/lab4_image_receiver/src/lab4_image_receiver_node.cpp: In member function ‘void RobotCameraProcessor::image_callback(const ConstSharedPtr&)’:
[5.259s] /home/eragon/ArUco/src/lab4_image_receiver/src/lab4_image_receiver_node.cpp:92:21: error: ‘Eigen’ has not been declared
[5.259s]    92 |                     Eigen::Matrix3x3 tf_rotation(
[5.259s]       |                     ^~~~~
[5.260s] /home/eragon/ArUco/src/lab4_image_receiver/src/lab4_image_receiver_node.cpp:96:21: error: ‘tf2’ has not been declared
[5.260s]    96 |                     tf2::Quaternion q;
[5.260s]       |                     ^~~
[5.270s] /home/eragon/ArUco/src/lab4_image_receiver/src/lab4_image_receiver_node.cpp:97:21: error: ‘tf_rotation’ was not declared in this scope
[5.270s]    97 |                     tf_rotation.getRotation(q);
[5.270s]       |                     ^~~~~~~~~~~
[5.276s] /home/eragon/ArUco/src/lab4_image_receiver/src/lab4_image_receiver_node.cpp:97:45: error: ‘q’ was not declared in this scope
[5.276s]    97 |                     tf_rotation.getRotation(q);
[5.276s]       |                                             ^
[6.718s] gmake[2]: *** [CMakeFiles/lab4_image_receiver_node.dir/build.make:76: CMakeFiles/lab4_image_receiver_node.dir/src/lab4_image_receiver_node.cpp.o] Ошибка 1
[6.718s] gmake[1]: *** [CMakeFiles/Makefile2:137: CMakeFiles/lab4_image_receiver_node.dir/all] Ошибка 2
[6.719s] gmake: *** [Makefile:146: all] Ошибка 2
[6.724s] Invoked command in '/home/eragon/ArUco/build/lab4_image_receiver' returned '2': CMAKE_PREFIX_PATH=${CMAKE_PREFIX_PATH}:/opt/ros/humble /usr/bin/cmake --build /home/eragon/ArUco/build/lab4_image_receiver -- -j8 -l8
