[0.035s] Invoking command in '/home/eragon/ArUco/build/robot_camera_processor': /usr/bin/cmake --build /home/eragon/ArUco/build/robot_camera_processor -- -j8 -l8
[0.090s] -- Found ament_cmake: 1.3.11 (/opt/ros/humble/share/ament_cmake/cmake)
[0.285s] -- Found rclcpp: 16.0.12 (/opt/ros/humble/share/rclcpp/cmake)
[0.335s] -- Found rosidl_generator_c: 3.1.6 (/opt/ros/humble/share/rosidl_generator_c/cmake)
[0.338s] -- Found rosidl_adapter: 3.1.6 (/opt/ros/humble/share/rosidl_adapter/cmake)
[0.344s] -- Found rosidl_generator_cpp: 3.1.6 (/opt/ros/humble/share/rosidl_generator_cpp/cmake)
[0.355s] -- Using all available rosidl_typesupport_c: rosidl_typesupport_fastrtps_c;rosidl_typesupport_introspection_c
[0.370s] -- Using all available rosidl_typesupport_cpp: rosidl_typesupport_fastrtps_cpp;rosidl_typesupport_introspection_cpp
[0.410s] -- Found rmw_implementation_cmake: 6.1.2 (/opt/ros/humble/share/rmw_implementation_cmake/cmake)
[0.412s] -- Found rmw_fastrtps_cpp: 6.2.7 (/opt/ros/humble/share/rmw_fastrtps_cpp/cmake)
[0.553s] -- Using RMW implementation 'rmw_fastrtps_cpp' as default
[0.606s] -- Found sensor_msgs: 4.8.0 (/opt/ros/humble/share/sensor_msgs/cmake)
[0.637s] -- Found cv_bridge: 3.2.1 (/opt/ros/humble/share/cv_bridge/cmake)
[0.651s] -- Found image_transport: 3.1.11 (/opt/ros/humble/share/image_transport/cmake)
[0.678s] -- Found tf2: 0.25.12 (/opt/ros/humble/share/tf2/cmake)
[0.682s] -- Found tf2_ros: 0.25.12 (/opt/ros/humble/share/tf2_ros/cmake)
[0.846s] Error parsing '/home/eragon/ArUco/src/robot_camera_processor/package.xml':
[0.918s] Traceback (most recent call last):
[0.918s]   File "/opt/ros/humble/share/ament_cmake_core/cmake/core/package_xml_2_cmake.py", line 150, in <module>
[0.918s]     main()
[0.918s]   File "/opt/ros/humble/share/ament_cmake_core/cmake/core/package_xml_2_cmake.py", line 53, in main
[0.918s]     raise e
[0.919s]   File "/opt/ros/humble/share/ament_cmake_core/cmake/core/package_xml_2_cmake.py", line 49, in main
[0.919s]     package = parse_package_string(
[0.919s]   File "/usr/lib/python3/dist-packages/catkin_pkg/package.py", line 786, in parse_package_string
[0.919s]     raise InvalidPackage('Error(s):%s' % (''.join(['\n- %s' % e for e in errors])), filename)
[0.920s] catkin_pkg.package.InvalidPackage: Error(s) in package '/home/eragon/ArUco/src/robot_camera_processor/package.xml':
[0.920s] Error(s):
[0.920s] - The generic dependency on 'image_transport' is redundant with: build_depend, build_export_depend, exec_depend
[0.942s] CMake Error at /opt/ros/humble/share/ament_cmake_core/cmake/core/ament_package_xml.cmake:95 (message):
[0.942s]   execute_process(/usr/bin/python3
[0.942s]   /opt/ros/humble/share/ament_cmake_core/cmake/core/package_xml_2_cmake.py
[0.943s]   /home/eragon/ArUco/src/robot_camera_processor/package.xml
[0.943s]   /home/eragon/ArUco/build/robot_camera_processor/ament_cmake_core/package.cmake)
[0.943s]   returned error code 1
[0.943s] Call Stack (most recent call first):
[0.943s]   /opt/ros/humble/share/ament_cmake_core/cmake/core/ament_package_xml.cmake:49 (_ament_package_xml)
[0.944s]   /opt/ros/humble/share/ament_cmake_core/cmake/core/ament_package.cmake:63 (ament_package_xml)
[0.944s]   CMakeLists.txt:36 (ament_package)
[0.944s] 
[0.944s] 
[0.944s] -- Configuring incomplete, errors occurred!
[0.945s] See also "/home/eragon/ArUco/build/robot_camera_processor/CMakeFiles/CMakeOutput.log".
[0.963s] gmake: *** [Makefile:267: cmake_check_build_system] Ошибка 1
[0.967s] Invoked command in '/home/eragon/ArUco/build/robot_camera_processor' returned '2': /usr/bin/cmake --build /home/eragon/ArUco/build/robot_camera_processor -- -j8 -l8
