[0.046s] Invoking command in '/home/eragon/ArUco/build/robot_camera_processor': CMAKE_PREFIX_PATH=${CMAKE_PREFIX_PATH}:/opt/ros/humble /usr/bin/cmake --build /home/eragon/ArUco/build/robot_camera_processor -- -j8 -l8
[0.160s] Consolidate compiler generated dependencies of target robot_camera_processor_node
[0.238s] [ 50%] Building CXX object CMakeFiles/robot_camera_processor_node.dir/src/robot_camera_processor_node.cpp.o
[7.390s] /home/eragon/ArUco/src/robot_camera_processor/src/robot_camera_processor_node.cpp: In member function ‘void RobotCameraProcessor::timer_callback()’:
[7.390s] /home/eragon/ArUco/src/robot_camera_processor/src/robot_camera_processor_node.cpp:103:39: warning: narrowing conversion of ‘((-((RobotCameraProcessor*)this)->RobotCameraProcessor::marker_size_) / (double)2)’ from ‘double’ to ‘float’ [-Wnarrowing]
[7.391s]   103 |                         {-marker_size_/2, marker_size_/2, 0},
[7.391s]       |                          ~~~~~~~~~~~~~^~
[7.391s] /home/eragon/ArUco/src/robot_camera_processor/src/robot_camera_processor_node.cpp:103:55: warning: narrowing conversion of ‘(((RobotCameraProcessor*)this)->RobotCameraProcessor::marker_size_ / (double)2)’ from ‘double’ to ‘float’ [-Wnarrowing]
[7.391s]   103 |                         {-marker_size_/2, marker_size_/2, 0},
[7.391s]       |                                           ~~~~~~~~~~~~^~
[7.392s] /home/eragon/ArUco/src/robot_camera_processor/src/robot_camera_processor_node.cpp:104:38: warning: narrowing conversion of ‘(((RobotCameraProcessor*)this)->RobotCameraProcessor::marker_size_ / (double)2)’ from ‘double’ to ‘float’ [-Wnarrowing]
[7.392s]   104 |                         {marker_size_/2, marker_size_/2, 0},
[7.392s]       |                          ~~~~~~~~~~~~^~
[7.392s] /home/eragon/ArUco/src/robot_camera_processor/src/robot_camera_processor_node.cpp:104:54: warning: narrowing conversion of ‘(((RobotCameraProcessor*)this)->RobotCameraProcessor::marker_size_ / (double)2)’ from ‘double’ to ‘float’ [-Wnarrowing]
[7.392s]   104 |                         {marker_size_/2, marker_size_/2, 0},
[7.392s]       |                                          ~~~~~~~~~~~~^~
[7.393s] /home/eragon/ArUco/src/robot_camera_processor/src/robot_camera_processor_node.cpp:105:38: warning: narrowing conversion of ‘(((RobotCameraProcessor*)this)->RobotCameraProcessor::marker_size_ / (double)2)’ from ‘double’ to ‘float’ [-Wnarrowing]
[7.393s]   105 |                         {marker_size_/2, -marker_size_/2, 0},
[7.393s]       |                          ~~~~~~~~~~~~^~
[7.393s] /home/eragon/ArUco/src/robot_camera_processor/src/robot_camera_processor_node.cpp:105:55: warning: narrowing conversion of ‘((-((RobotCameraProcessor*)this)->RobotCameraProcessor::marker_size_) / (double)2)’ from ‘double’ to ‘float’ [-Wnarrowing]
[7.393s]   105 |                         {marker_size_/2, -marker_size_/2, 0},
[7.393s]       |                                          ~~~~~~~~~~~~~^~
[7.394s] /home/eragon/ArUco/src/robot_camera_processor/src/robot_camera_processor_node.cpp:106:39: warning: narrowing conversion of ‘((-((RobotCameraProcessor*)this)->RobotCameraProcessor::marker_size_) / (double)2)’ from ‘double’ to ‘float’ [-Wnarrowing]
[7.394s]   106 |                         {-marker_size_/2, -marker_size_/2, 0}
[7.394s]       |                          ~~~~~~~~~~~~~^~
[7.394s] /home/eragon/ArUco/src/robot_camera_processor/src/robot_camera_processor_node.cpp:106:56: warning: narrowing conversion of ‘((-((RobotCameraProcessor*)this)->RobotCameraProcessor::marker_size_) / (double)2)’ from ‘double’ to ‘float’ [-Wnarrowing]
[7.394s]   106 |                         {-marker_size_/2, -marker_size_/2, 0}
[7.394s]       |                                           ~~~~~~~~~~~~~^~
[7.400s] /home/eragon/ArUco/src/robot_camera_processor/src/robot_camera_processor_node.cpp:129:23: error: base operand of ‘->’ has non-pointer type ‘image_transport::Publisher’
[7.400s]   129 |             pub_image_->publish(*msg);
[7.401s]       |                       ^~
[7.403s] /home/eragon/ArUco/src/robot_camera_processor/src/robot_camera_processor_node.cpp: In member function ‘void RobotCameraProcessor::publish_marker_pose(int, const Vec3d&, const Vec3d&)’:
[7.403s] /home/eragon/ArUco/src/robot_camera_processor/src/robot_camera_processor_node.cpp:136:34: warning: unused parameter ‘marker_id’ [-Wunused-parameter]
[7.403s]   136 |     void publish_marker_pose(int marker_id, const cv::Vec3d& rvec, const cv::Vec3d& tvec) {
[7.403s]       |                              ~~~~^~~~~~~~~
[9.274s] gmake[2]: *** [CMakeFiles/robot_camera_processor_node.dir/build.make:76: CMakeFiles/robot_camera_processor_node.dir/src/robot_camera_processor_node.cpp.o] Ошибка 1
[9.275s] gmake[1]: *** [CMakeFiles/Makefile2:137: CMakeFiles/robot_camera_processor_node.dir/all] Ошибка 2
[9.275s] gmake: *** [Makefile:146: all] Ошибка 2
[9.281s] Invoked command in '/home/eragon/ArUco/build/robot_camera_processor' returned '2': CMAKE_PREFIX_PATH=${CMAKE_PREFIX_PATH}:/opt/ros/humble /usr/bin/cmake --build /home/eragon/ArUco/build/robot_camera_processor -- -j8 -l8
