[0.047s] Invoking command in '/home/eragon/ArUco/build/robot_camera_processor': CMAKE_PREFIX_PATH=${CMAKE_PREFIX_PATH}:/opt/ros/humble /usr/bin/cmake --build /home/eragon/ArUco/build/robot_camera_processor -- -j8 -l8
[0.191s] Consolidate compiler generated dependencies of target robot_camera_processor_node
[0.282s] [ 50%] Building CXX object CMakeFiles/robot_camera_processor_node.dir/src/robot_camera_processor_node.cpp.o
[8.078s] /home/eragon/ArUco/src/robot_camera_processor/src/robot_camera_processor_node.cpp: In member function ‘void RobotCameraProcessor::image_callback(const ConstSharedPtr&)’:
[8.079s] /home/eragon/ArUco/src/robot_camera_processor/src/robot_camera_processor_node.cpp:111:39: warning: narrowing conversion of ‘((-((RobotCameraProcessor*)this)->RobotCameraProcessor::marker_size_) / (double)2)’ from ‘double’ to ‘float’ [-Wnarrowing]
[8.079s]   111 |                         {-marker_size_/2, marker_size_/2, 0},   // Верхний левый
[8.079s]       |                          ~~~~~~~~~~~~~^~
[8.079s] /home/eragon/ArUco/src/robot_camera_processor/src/robot_camera_processor_node.cpp:111:55: warning: narrowing conversion of ‘(((RobotCameraProcessor*)this)->RobotCameraProcessor::marker_size_ / (double)2)’ from ‘double’ to ‘float’ [-Wnarrowing]
[8.080s]   111 |                         {-marker_size_/2, marker_size_/2, 0},   // Верхний левый
[8.080s]       |                                           ~~~~~~~~~~~~^~
[8.080s] /home/eragon/ArUco/src/robot_camera_processor/src/robot_camera_processor_node.cpp:112:38: warning: narrowing conversion of ‘(((RobotCameraProcessor*)this)->RobotCameraProcessor::marker_size_ / (double)2)’ from ‘double’ to ‘float’ [-Wnarrowing]
[8.080s]   112 |                         {marker_size_/2, marker_size_/2, 0},    // Верхний правый
[8.080s]       |                          ~~~~~~~~~~~~^~
[8.081s] /home/eragon/ArUco/src/robot_camera_processor/src/robot_camera_processor_node.cpp:112:54: warning: narrowing conversion of ‘(((RobotCameraProcessor*)this)->RobotCameraProcessor::marker_size_ / (double)2)’ from ‘double’ to ‘float’ [-Wnarrowing]
[8.081s]   112 |                         {marker_size_/2, marker_size_/2, 0},    // Верхний правый
[8.081s]       |                                          ~~~~~~~~~~~~^~
[8.081s] /home/eragon/ArUco/src/robot_camera_processor/src/robot_camera_processor_node.cpp:113:38: warning: narrowing conversion of ‘(((RobotCameraProcessor*)this)->RobotCameraProcessor::marker_size_ / (double)2)’ from ‘double’ to ‘float’ [-Wnarrowing]
[8.082s]   113 |                         {marker_size_/2, -marker_size_/2, 0},   // Нижний правый
[8.082s]       |                          ~~~~~~~~~~~~^~
[8.082s] /home/eragon/ArUco/src/robot_camera_processor/src/robot_camera_processor_node.cpp:113:55: warning: narrowing conversion of ‘((-((RobotCameraProcessor*)this)->RobotCameraProcessor::marker_size_) / (double)2)’ from ‘double’ to ‘float’ [-Wnarrowing]
[8.082s]   113 |                         {marker_size_/2, -marker_size_/2, 0},   // Нижний правый
[8.082s]       |                                          ~~~~~~~~~~~~~^~
[8.083s] /home/eragon/ArUco/src/robot_camera_processor/src/robot_camera_processor_node.cpp:114:39: warning: narrowing conversion of ‘((-((RobotCameraProcessor*)this)->RobotCameraProcessor::marker_size_) / (double)2)’ from ‘double’ to ‘float’ [-Wnarrowing]
[8.083s]   114 |                         {-marker_size_/2, -marker_size_/2, 0}   // Нижний левый
[8.083s]       |                          ~~~~~~~~~~~~~^~
[8.083s] /home/eragon/ArUco/src/robot_camera_processor/src/robot_camera_processor_node.cpp:114:56: warning: narrowing conversion of ‘((-((RobotCameraProcessor*)this)->RobotCameraProcessor::marker_size_) / (double)2)’ from ‘double’ to ‘float’ [-Wnarrowing]
[8.083s]   114 |                         {-marker_size_/2, -marker_size_/2, 0}   // Нижний левый
[8.084s]       |                                           ~~~~~~~~~~~~~^~
[8.134s] /home/eragon/ArUco/src/robot_camera_processor/src/robot_camera_processor_node.cpp: In member function ‘void ArUcoDetector::image_callback(const ConstSharedPtr&)’:
[8.134s] /home/eragon/ArUco/src/robot_camera_processor/src/robot_camera_processor_node.cpp:498:35: warning: narrowing conversion of ‘((-((ArUcoDetector*)this)->ArUcoDetector::marker_size) / (double)2)’ from ‘double’ to ‘float’ [-Wnarrowing]
[8.134s]   498 |                     {-marker_size / 2, marker_size / 2, 0},  // Верхний левый угол
[8.134s]       |                      ~~~~~~~~~~~~~^~~
[8.135s] /home/eragon/ArUco/src/robot_camera_processor/src/robot_camera_processor_node.cpp:498:52: warning: narrowing conversion of ‘(((ArUcoDetector*)this)->ArUcoDetector::marker_size / (double)2)’ from ‘double’ to ‘float’ [-Wnarrowing]
[8.135s]   498 |                     {-marker_size / 2, marker_size / 2, 0},  // Верхний левый угол
[8.135s]       |                                        ~~~~~~~~~~~~^~~
[8.135s] /home/eragon/ArUco/src/robot_camera_processor/src/robot_camera_processor_node.cpp:499:34: warning: narrowing conversion of ‘(((ArUcoDetector*)this)->ArUcoDetector::marker_size / (double)2)’ from ‘double’ to ‘float’ [-Wnarrowing]
[8.135s]   499 |                     {marker_size / 2, marker_size / 2, 0},  // Верхний правый угол
[8.135s]       |                      ~~~~~~~~~~~~^~~
[8.136s] /home/eragon/ArUco/src/robot_camera_processor/src/robot_camera_processor_node.cpp:499:51: warning: narrowing conversion of ‘(((ArUcoDetector*)this)->ArUcoDetector::marker_size / (double)2)’ from ‘double’ to ‘float’ [-Wnarrowing]
[8.136s]   499 |                     {marker_size / 2, marker_size / 2, 0},  // Верхний правый угол
[8.136s]       |                                       ~~~~~~~~~~~~^~~
[8.136s] /home/eragon/ArUco/src/robot_camera_processor/src/robot_camera_processor_node.cpp:500:34: warning: narrowing conversion of ‘(((ArUcoDetector*)this)->ArUcoDetector::marker_size / (double)2)’ from ‘double’ to ‘float’ [-Wnarrowing]
[8.136s]   500 |                     {marker_size / 2, -marker_size / 2, 0}, // Нижний правый угол
[8.136s]       |                      ~~~~~~~~~~~~^~~
[8.137s] /home/eragon/ArUco/src/robot_camera_processor/src/robot_camera_processor_node.cpp:500:52: warning: narrowing conversion of ‘((-((ArUcoDetector*)this)->ArUcoDetector::marker_size) / (double)2)’ from ‘double’ to ‘float’ [-Wnarrowing]
[8.137s]   500 |                     {marker_size / 2, -marker_size / 2, 0}, // Нижний правый угол
[8.137s]       |                                       ~~~~~~~~~~~~~^~~
[8.137s] /home/eragon/ArUco/src/robot_camera_processor/src/robot_camera_processor_node.cpp:501:35: warning: narrowing conversion of ‘((-((ArUcoDetector*)this)->ArUcoDetector::marker_size) / (double)2)’ from ‘double’ to ‘float’ [-Wnarrowing]
[8.137s]   501 |                     {-marker_size / 2, -marker_size / 2, 0} // Нижний левый угол
[8.137s]       |                      ~~~~~~~~~~~~~^~~
[8.138s] /home/eragon/ArUco/src/robot_camera_processor/src/robot_camera_processor_node.cpp:501:53: warning: narrowing conversion of ‘((-((ArUcoDetector*)this)->ArUcoDetector::marker_size) / (double)2)’ from ‘double’ to ‘float’ [-Wnarrowing]
[8.138s]   501 |                     {-marker_size / 2, -marker_size / 2, 0} // Нижний левый угол
[8.138s]       |                                        ~~~~~~~~~~~~~^~~
[8.141s] /home/eragon/ArUco/src/robot_camera_processor/src/robot_camera_processor_node.cpp: At global scope:
[8.141s] /home/eragon/ArUco/src/robot_camera_processor/src/robot_camera_processor_node.cpp:552:5: error: redefinition of ‘int main(int, char**)’
[8.141s]   552 | int main(int argc, char **argv) {
[8.141s]       |     ^~~~
[8.142s] /home/eragon/ArUco/src/robot_camera_processor/src/robot_camera_processor_node.cpp:221:5: note: ‘int main(int, char**)’ previously defined here
[8.142s]   221 | int main(int argc, char **argv) {
[8.142s]       |     ^~~~
[10.609s] gmake[2]: *** [CMakeFiles/robot_camera_processor_node.dir/build.make:76: CMakeFiles/robot_camera_processor_node.dir/src/robot_camera_processor_node.cpp.o] Ошибка 1
[10.610s] gmake[1]: *** [CMakeFiles/Makefile2:137: CMakeFiles/robot_camera_processor_node.dir/all] Ошибка 2
[10.610s] gmake: *** [Makefile:146: all] Ошибка 2
[10.615s] Invoked command in '/home/eragon/ArUco/build/robot_camera_processor' returned '2': CMAKE_PREFIX_PATH=${CMAKE_PREFIX_PATH}:/opt/ros/humble /usr/bin/cmake --build /home/eragon/ArUco/build/robot_camera_processor -- -j8 -l8
