[0.039s] Invoking command in '/home/eragon/ArUco/build/robot_camera_processor': CMAKE_PREFIX_PATH=${CMAKE_PREFIX_PATH}:/opt/ros/humble /usr/bin/cmake --build /home/eragon/ArUco/build/robot_camera_processor -- -j8 -l8
[0.138s] Consolidate compiler generated dependencies of target robot_camera_processor_node
[0.192s] [ 50%] Building CXX object CMakeFiles/robot_camera_processor_node.dir/src/robot_camera_processor_node.cpp.o
[6.172s] /home/eragon/ArUco/src/robot_camera_processor/src/robot_camera_processor_node.cpp: In member function ‘void RobotCameraProcessor::image_callback(const ConstSharedPtr&)’:
[6.172s] /home/eragon/ArUco/src/robot_camera_processor/src/robot_camera_processor_node.cpp:111:39: warning: narrowing conversion of ‘((-((RobotCameraProcessor*)this)->RobotCameraProcessor::marker_size_) / (double)2)’ from ‘double’ to ‘float’ [-Wnarrowing]
[6.172s]   111 |                         {-marker_size_/2, marker_size_/2, 0},   // Верхний левый
[6.172s]       |                          ~~~~~~~~~~~~~^~
[6.173s] /home/eragon/ArUco/src/robot_camera_processor/src/robot_camera_processor_node.cpp:111:55: warning: narrowing conversion of ‘(((RobotCameraProcessor*)this)->RobotCameraProcessor::marker_size_ / (double)2)’ from ‘double’ to ‘float’ [-Wnarrowing]
[6.173s]   111 |                         {-marker_size_/2, marker_size_/2, 0},   // Верхний левый
[6.173s]       |                                           ~~~~~~~~~~~~^~
[6.173s] /home/eragon/ArUco/src/robot_camera_processor/src/robot_camera_processor_node.cpp:112:38: warning: narrowing conversion of ‘(((RobotCameraProcessor*)this)->RobotCameraProcessor::marker_size_ / (double)2)’ from ‘double’ to ‘float’ [-Wnarrowing]
[6.173s]   112 |                         {marker_size_/2, marker_size_/2, 0},    // Верхний правый
[6.173s]       |                          ~~~~~~~~~~~~^~
[6.173s] /home/eragon/ArUco/src/robot_camera_processor/src/robot_camera_processor_node.cpp:112:54: warning: narrowing conversion of ‘(((RobotCameraProcessor*)this)->RobotCameraProcessor::marker_size_ / (double)2)’ from ‘double’ to ‘float’ [-Wnarrowing]
[6.174s]   112 |                         {marker_size_/2, marker_size_/2, 0},    // Верхний правый
[6.174s]       |                                          ~~~~~~~~~~~~^~
[6.174s] /home/eragon/ArUco/src/robot_camera_processor/src/robot_camera_processor_node.cpp:113:38: warning: narrowing conversion of ‘(((RobotCameraProcessor*)this)->RobotCameraProcessor::marker_size_ / (double)2)’ from ‘double’ to ‘float’ [-Wnarrowing]
[6.174s]   113 |                         {marker_size_/2, -marker_size_/2, 0},   // Нижний правый
[6.174s]       |                          ~~~~~~~~~~~~^~
[6.174s] /home/eragon/ArUco/src/robot_camera_processor/src/robot_camera_processor_node.cpp:113:55: warning: narrowing conversion of ‘((-((RobotCameraProcessor*)this)->RobotCameraProcessor::marker_size_) / (double)2)’ from ‘double’ to ‘float’ [-Wnarrowing]
[6.174s]   113 |                         {marker_size_/2, -marker_size_/2, 0},   // Нижний правый
[6.175s]       |                                          ~~~~~~~~~~~~~^~
[6.175s] /home/eragon/ArUco/src/robot_camera_processor/src/robot_camera_processor_node.cpp:114:39: warning: narrowing conversion of ‘((-((RobotCameraProcessor*)this)->RobotCameraProcessor::marker_size_) / (double)2)’ from ‘double’ to ‘float’ [-Wnarrowing]
[6.175s]   114 |                         {-marker_size_/2, -marker_size_/2, 0}   // Нижний левый
[6.175s]       |                          ~~~~~~~~~~~~~^~
[6.175s] /home/eragon/ArUco/src/robot_camera_processor/src/robot_camera_processor_node.cpp:114:56: warning: narrowing conversion of ‘((-((RobotCameraProcessor*)this)->RobotCameraProcessor::marker_size_) / (double)2)’ from ‘double’ to ‘float’ [-Wnarrowing]
[6.175s]   114 |                         {-marker_size_/2, -marker_size_/2, 0}   // Нижний левый
[6.175s]       |                                           ~~~~~~~~~~~~~^~
[6.215s] /home/eragon/ArUco/src/robot_camera_processor/src/robot_camera_processor_node.cpp: In member function ‘void ArUcoDetector::image_callback(const ConstSharedPtr&)’:
[6.216s] /home/eragon/ArUco/src/robot_camera_processor/src/robot_camera_processor_node.cpp:498:35: warning: narrowing conversion of ‘((-((ArUcoDetector*)this)->ArUcoDetector::marker_size) / (double)2)’ from ‘double’ to ‘float’ [-Wnarrowing]
[6.216s]   498 |                     {-marker_size / 2, marker_size / 2, 0},  // Верхний левый угол
[6.216s]       |                      ~~~~~~~~~~~~~^~~
[6.216s] /home/eragon/ArUco/src/robot_camera_processor/src/robot_camera_processor_node.cpp:498:52: warning: narrowing conversion of ‘(((ArUcoDetector*)this)->ArUcoDetector::marker_size / (double)2)’ from ‘double’ to ‘float’ [-Wnarrowing]
[6.216s]   498 |                     {-marker_size / 2, marker_size / 2, 0},  // Верхний левый угол
[6.216s]       |                                        ~~~~~~~~~~~~^~~
[6.216s] /home/eragon/ArUco/src/robot_camera_processor/src/robot_camera_processor_node.cpp:499:34: warning: narrowing conversion of ‘(((ArUcoDetector*)this)->ArUcoDetector::marker_size / (double)2)’ from ‘double’ to ‘float’ [-Wnarrowing]
[6.217s]   499 |                     {marker_size / 2, marker_size / 2, 0},  // Верхний правый угол
[6.217s]       |                      ~~~~~~~~~~~~^~~
[6.217s] /home/eragon/ArUco/src/robot_camera_processor/src/robot_camera_processor_node.cpp:499:51: warning: narrowing conversion of ‘(((ArUcoDetector*)this)->ArUcoDetector::marker_size / (double)2)’ from ‘double’ to ‘float’ [-Wnarrowing]
[6.217s]   499 |                     {marker_size / 2, marker_size / 2, 0},  // Верхний правый угол
[6.217s]       |                                       ~~~~~~~~~~~~^~~
[6.217s] /home/eragon/ArUco/src/robot_camera_processor/src/robot_camera_processor_node.cpp:500:34: warning: narrowing conversion of ‘(((ArUcoDetector*)this)->ArUcoDetector::marker_size / (double)2)’ from ‘double’ to ‘float’ [-Wnarrowing]
[6.217s]   500 |                     {marker_size / 2, -marker_size / 2, 0}, // Нижний правый угол
[6.217s]       |                      ~~~~~~~~~~~~^~~
[6.218s] /home/eragon/ArUco/src/robot_camera_processor/src/robot_camera_processor_node.cpp:500:52: warning: narrowing conversion of ‘((-((ArUcoDetector*)this)->ArUcoDetector::marker_size) / (double)2)’ from ‘double’ to ‘float’ [-Wnarrowing]
[6.218s]   500 |                     {marker_size / 2, -marker_size / 2, 0}, // Нижний правый угол
[6.218s]       |                                       ~~~~~~~~~~~~~^~~
[6.218s] /home/eragon/ArUco/src/robot_camera_processor/src/robot_camera_processor_node.cpp:501:35: warning: narrowing conversion of ‘((-((ArUcoDetector*)this)->ArUcoDetector::marker_size) / (double)2)’ from ‘double’ to ‘float’ [-Wnarrowing]
[6.218s]   501 |                     {-marker_size / 2, -marker_size / 2, 0} // Нижний левый угол
[6.218s]       |                      ~~~~~~~~~~~~~^~~
[6.218s] /home/eragon/ArUco/src/robot_camera_processor/src/robot_camera_processor_node.cpp:501:53: warning: narrowing conversion of ‘((-((ArUcoDetector*)this)->ArUcoDetector::marker_size) / (double)2)’ from ‘double’ to ‘float’ [-Wnarrowing]
[6.218s]   501 |                     {-marker_size / 2, -marker_size / 2, 0} // Нижний левый угол
[6.219s]       |                                        ~~~~~~~~~~~~~^~~
[6.221s] /home/eragon/ArUco/src/robot_camera_processor/src/robot_camera_processor_node.cpp: At global scope:
[6.221s] /home/eragon/ArUco/src/robot_camera_processor/src/robot_camera_processor_node.cpp:552:5: error: redefinition of ‘int main(int, char**)’
[6.222s]   552 | int main(int argc, char **argv) {
[6.222s]       |     ^~~~
[6.222s] /home/eragon/ArUco/src/robot_camera_processor/src/robot_camera_processor_node.cpp:221:5: note: ‘int main(int, char**)’ previously defined here
[6.222s]   221 | int main(int argc, char **argv) {
[6.222s]       |     ^~~~
[8.373s] gmake[2]: *** [CMakeFiles/robot_camera_processor_node.dir/build.make:76: CMakeFiles/robot_camera_processor_node.dir/src/robot_camera_processor_node.cpp.o] Ошибка 1
[8.373s] gmake[1]: *** [CMakeFiles/Makefile2:137: CMakeFiles/robot_camera_processor_node.dir/all] Ошибка 2
[8.374s] gmake: *** [Makefile:146: all] Ошибка 2
[8.379s] Invoked command in '/home/eragon/ArUco/build/robot_camera_processor' returned '2': CMAKE_PREFIX_PATH=${CMAKE_PREFIX_PATH}:/opt/ros/humble /usr/bin/cmake --build /home/eragon/ArUco/build/robot_camera_processor -- -j8 -l8
