[0.059s] Invoking command in '/home/eragon/ArUco/build/robot_camera_processor': CMAKE_PREFIX_PATH=${CMAKE_PREFIX_PATH}:/opt/ros/humble /usr/bin/cmake --build /home/eragon/ArUco/build/robot_camera_processor -- -j8 -l8
[0.232s] Consolidate compiler generated dependencies of target robot_camera_processor_node
[0.258s] [ 50%] Building CXX object CMakeFiles/robot_camera_processor_node.dir/src/robot_camera_processor_node.cpp.o
[8.132s] /home/eragon/ArUco/src/robot_camera_processor/src/robot_camera_processor_node.cpp: In member function ‘void RobotCameraProcessor::image_callback(const ConstSharedPtr&)’:
[8.132s] /home/eragon/ArUco/src/robot_camera_processor/src/robot_camera_processor_node.cpp:112:42: warning: narrowing conversion of ‘((-((RobotCameraProcessor*)this)->RobotCameraProcessor::marker_size_) / (double)2)’ from ‘double’ to ‘float’ [-Wnarrowing]
[8.132s]   112 |                         {0, -marker_size_/2, -marker_size_/2},
[8.133s]       |                             ~~~~~~~~~~~~~^~
[8.133s] /home/eragon/ArUco/src/robot_camera_processor/src/robot_camera_processor_node.cpp:112:59: warning: narrowing conversion of ‘((-((RobotCameraProcessor*)this)->RobotCameraProcessor::marker_size_) / (double)2)’ from ‘double’ to ‘float’ [-Wnarrowing]
[8.133s]   112 |                         {0, -marker_size_/2, -marker_size_/2},
[8.134s]       |                                              ~~~~~~~~~~~~~^~
[8.134s] /home/eragon/ArUco/src/robot_camera_processor/src/robot_camera_processor_node.cpp:113:42: warning: narrowing conversion of ‘(((RobotCameraProcessor*)this)->RobotCameraProcessor::marker_size_ / (double)2)’ from ‘double’ to ‘float’ [-Wnarrowing]
[8.134s]   113 |                         {0,  marker_size_/2, -marker_size_/2},
[8.134s]       |                              ~~~~~~~~~~~~^~
[8.134s] /home/eragon/ArUco/src/robot_camera_processor/src/robot_camera_processor_node.cpp:113:59: warning: narrowing conversion of ‘((-((RobotCameraProcessor*)this)->RobotCameraProcessor::marker_size_) / (double)2)’ from ‘double’ to ‘float’ [-Wnarrowing]
[8.135s]   113 |                         {0,  marker_size_/2, -marker_size_/2},
[8.135s]       |                                              ~~~~~~~~~~~~~^~
[8.135s] /home/eragon/ArUco/src/robot_camera_processor/src/robot_camera_processor_node.cpp:114:42: warning: narrowing conversion of ‘(((RobotCameraProcessor*)this)->RobotCameraProcessor::marker_size_ / (double)2)’ from ‘double’ to ‘float’ [-Wnarrowing]
[8.135s]   114 |                         {0,  marker_size_/2,  marker_size_/2},
[8.135s]       |                              ~~~~~~~~~~~~^~
[8.136s] /home/eragon/ArUco/src/robot_camera_processor/src/robot_camera_processor_node.cpp:114:59: warning: narrowing conversion of ‘(((RobotCameraProcessor*)this)->RobotCameraProcessor::marker_size_ / (double)2)’ from ‘double’ to ‘float’ [-Wnarrowing]
[8.136s]   114 |                         {0,  marker_size_/2,  marker_size_/2},
[8.136s]       |                                               ~~~~~~~~~~~~^~
[8.136s] /home/eragon/ArUco/src/robot_camera_processor/src/robot_camera_processor_node.cpp:115:42: warning: narrowing conversion of ‘((-((RobotCameraProcessor*)this)->RobotCameraProcessor::marker_size_) / (double)2)’ from ‘double’ to ‘float’ [-Wnarrowing]
[8.136s]   115 |                         {0, -marker_size_/2,  marker_size_/2}
[8.136s]       |                             ~~~~~~~~~~~~~^~
[8.137s] /home/eragon/ArUco/src/robot_camera_processor/src/robot_camera_processor_node.cpp:115:59: warning: narrowing conversion of ‘(((RobotCameraProcessor*)this)->RobotCameraProcessor::marker_size_ / (double)2)’ from ‘double’ to ‘float’ [-Wnarrowing]
[8.137s]   115 |                         {0, -marker_size_/2,  marker_size_/2}
[8.137s]       |                                               ~~~~~~~~~~~~^~
[8.156s] /home/eragon/ArUco/src/robot_camera_processor/src/robot_camera_processor_node.cpp:134:62: error: ‘corrected_tvec’ was not declared in this scope
[8.157s]   134 |                     publish_marker_pose(marker_ids[i], rvec, corrected_tvec);
[8.157s]       |                                                              ^~~~~~~~~~~~~~
[8.169s] /home/eragon/ArUco/src/robot_camera_processor/src/robot_camera_processor_node.cpp: In member function ‘void RobotCameraProcessor::publish_marker_pose(int, const Vec3d&, const Vec3d&)’:
[8.169s] /home/eragon/ArUco/src/robot_camera_processor/src/robot_camera_processor_node.cpp:161:34: warning: unused parameter ‘marker_id’ [-Wunused-parameter]
[8.169s]   161 |     void publish_marker_pose(int marker_id, const cv::Vec3d& rvec, const cv::Vec3d& corrected_tvec) {
[8.170s]       |                              ~~~~^~~~~~~~~
[10.397s] gmake[2]: *** [CMakeFiles/robot_camera_processor_node.dir/build.make:76: CMakeFiles/robot_camera_processor_node.dir/src/robot_camera_processor_node.cpp.o] Ошибка 1
[10.398s] gmake[1]: *** [CMakeFiles/Makefile2:137: CMakeFiles/robot_camera_processor_node.dir/all] Ошибка 2
[10.399s] gmake: *** [Makefile:146: all] Ошибка 2
[10.406s] Invoked command in '/home/eragon/ArUco/build/robot_camera_processor' returned '2': CMAKE_PREFIX_PATH=${CMAKE_PREFIX_PATH}:/opt/ros/humble /usr/bin/cmake --build /home/eragon/ArUco/build/robot_camera_processor -- -j8 -l8
