[0.041s] Invoking command in '/home/eragon/ArUco/build/robot_camera_processor': CMAKE_PREFIX_PATH=${CMAKE_PREFIX_PATH}:/opt/ros/humble /usr/bin/cmake --build /home/eragon/ArUco/build/robot_camera_processor -- -j8 -l8
[0.200s] [ 50%] Building CXX object CMakeFiles/robot_camera_processor_node.dir/src/robot_camera_processor_node.cpp.o
[6.001s] /home/eragon/ArUco/src/robot_camera_processor/src/robot_camera_processor_node.cpp: In constructor ‘RobotCameraProcessor::RobotCameraProcessor()’:
[6.001s] /home/eragon/ArUco/src/robot_camera_processor/src/robot_camera_processor_node.cpp:17:62: error: no matching function for call to ‘std::unique_ptr<tf2_ros::TransformBroadcaster>::unique_ptr(RobotCameraProcessor*)’
[6.003s]    17 |     RobotCameraProcessor() : Node("robot_camera_processor"), tf_broadcaster_(this) {
[6.003s]       |                                                              ^~~~~~~~~~~~~~~~~~~~~
[6.003s] In file included from /usr/include/c++/11/memory:76,
[6.004s]                  from /opt/ros/humble/include/rclcpp/rclcpp/rclcpp.hpp:153,
[6.004s]                  from /home/eragon/ArUco/src/robot_camera_processor/src/robot_camera_processor_node.cpp:1:
[6.004s] /usr/include/c++/11/bits/unique_ptr.h:350:9: note: candidate: ‘template<class _Up, class> std::unique_ptr<_Tp, _Dp>::unique_ptr(std::auto_ptr<_Up>&&) [with _Up = _Up; <template-parameter-2-2> = <template-parameter-1-2>; _Tp = tf2_ros::TransformBroadcaster; _Dp = std::default_delete<tf2_ros::TransformBroadcaster>]’
[6.004s]   350 |         unique_ptr(auto_ptr<_Up>&& __u) noexcept;
[6.004s]       |         ^~~~~~~~~~
[6.004s] /usr/include/c++/11/bits/unique_ptr.h:350:9: note:   template argument deduction/substitution failed:
[6.005s] /home/eragon/ArUco/src/robot_camera_processor/src/robot_camera_processor_node.cpp:17:62: note:   mismatched types ‘std::auto_ptr<_Up>’ and ‘RobotCameraProcessor*’
[6.005s]    17 |     RobotCameraProcessor() : Node("robot_camera_processor"), tf_broadcaster_(this) {
[6.005s]       |                                                              ^~~~~~~~~~~~~~~~~~~~~
[6.005s] In file included from /usr/include/c++/11/memory:76,
[6.005s]                  from /opt/ros/humble/include/rclcpp/rclcpp/rclcpp.hpp:153,
[6.005s]                  from /home/eragon/ArUco/src/robot_camera_processor/src/robot_camera_processor_node.cpp:1:
[6.006s] /usr/include/c++/11/bits/unique_ptr.h:340:9: note: candidate: ‘template<class _Up, class _Ep, class> std::unique_ptr<_Tp, _Dp>::unique_ptr(std::unique_ptr<_Up, _Ep>&&) [with _Up = _Up; _Ep = _Ep; <template-parameter-2-3> = <template-parameter-1-3>; _Tp = tf2_ros::TransformBroadcaster; _Dp = std::default_delete<tf2_ros::TransformBroadcaster>]’
[6.006s]   340 |         unique_ptr(unique_ptr<_Up, _Ep>&& __u) noexcept
[6.006s]       |         ^~~~~~~~~~
[6.006s] /usr/include/c++/11/bits/unique_ptr.h:340:9: note:   template argument deduction/substitution failed:
[6.006s] /home/eragon/ArUco/src/robot_camera_processor/src/robot_camera_processor_node.cpp:17:62: note:   mismatched types ‘std::unique_ptr<_Tp, _Dp>’ and ‘RobotCameraProcessor*’
[6.006s]    17 |     RobotCameraProcessor() : Node("robot_camera_processor"), tf_broadcaster_(this) {
[6.007s]       |                                                              ^~~~~~~~~~~~~~~~~~~~~
[6.007s] In file included from /usr/include/c++/11/memory:76,
[6.007s]                  from /opt/ros/humble/include/rclcpp/rclcpp/rclcpp.hpp:153,
[6.007s]                  from /home/eragon/ArUco/src/robot_camera_processor/src/robot_camera_processor_node.cpp:1:
[6.007s] /usr/include/c++/11/bits/unique_ptr.h:320:19: note: candidate: ‘template<class _Del, class> constexpr std::unique_ptr<_Tp, _Dp>::unique_ptr(std::nullptr_t) [with _Del = _Del; <template-parameter-2-2> = <template-parameter-1-2>; _Tp = tf2_ros::TransformBroadcaster; _Dp = std::default_delete<tf2_ros::TransformBroadcaster>]’
[6.007s]   320 |         constexpr unique_ptr(nullptr_t) noexcept
[6.008s]       |                   ^~~~~~~~~~
[6.008s] /usr/include/c++/11/bits/unique_ptr.h:320:19: note:   template argument deduction/substitution failed:
[6.008s] /home/eragon/ArUco/src/robot_camera_processor/src/robot_camera_processor_node.cpp:17:78: note:   cannot convert ‘(RobotCameraProcessor*)this’ (type ‘RobotCameraProcessor*’) to type ‘std::nullptr_t’
[6.008s]    17 |     RobotCameraProcessor() : Node("robot_camera_processor"), tf_broadcaster_(this) {
[6.008s]       |                                                                              ^~~~
[6.008s] In file included from /usr/include/c++/11/memory:76,
[6.008s]                  from /opt/ros/humble/include/rclcpp/rclcpp/rclcpp.hpp:153,
[6.009s]                  from /home/eragon/ArUco/src/robot_camera_processor/src/robot_camera_processor_node.cpp:1:
[6.009s] /usr/include/c++/11/bits/unique_ptr.h:314:9: note: candidate: ‘template<class _Del, class _DelUnref> std::unique_ptr<_Tp, _Dp>::unique_ptr(std::unique_ptr<_Tp, _Dp>::pointer, std::__enable_if_t<std::is_lvalue_reference<_Del>::value, _DelUnref&&>) [with _Del = _Del; _DelUnref = _DelUnref; _Tp = tf2_ros::TransformBroadcaster; _Dp = std::default_delete<tf2_ros::TransformBroadcaster>]’ (deleted)
[6.009s]   314 |         unique_ptr(pointer,
[6.009s]       |         ^~~~~~~~~~
[6.009s] /usr/include/c++/11/bits/unique_ptr.h:314:9: note:   template argument deduction/substitution failed:
[6.009s] /home/eragon/ArUco/src/robot_camera_processor/src/robot_camera_processor_node.cpp:17:62: note:   candidate expects 2 arguments, 1 provided
[6.010s]    17 |     RobotCameraProcessor() : Node("robot_camera_processor"), tf_broadcaster_(this) {
[6.010s]       |                                                              ^~~~~~~~~~~~~~~~~~~~~
[6.010s] In file included from /usr/include/c++/11/memory:76,
[6.010s]                  from /opt/ros/humble/include/rclcpp/rclcpp/rclcpp.hpp:153,
[6.010s]                  from /home/eragon/ArUco/src/robot_camera_processor/src/robot_camera_processor_node.cpp:1:
[6.010s] /usr/include/c++/11/bits/unique_ptr.h:306:9: note: candidate: ‘template<class _Del, class> std::unique_ptr<_Tp, _Dp>::unique_ptr(std::unique_ptr<_Tp, _Dp>::pointer, std::__enable_if_t<(! std::is_lvalue_reference<_Del>::value), _Del&&>) [with _Del = _Del; <template-parameter-2-2> = <template-parameter-1-2>; _Tp = tf2_ros::TransformBroadcaster; _Dp = std::default_delete<tf2_ros::TransformBroadcaster>]’
[6.011s]   306 |         unique_ptr(pointer __p,
[6.011s]       |         ^~~~~~~~~~
[6.011s] /usr/include/c++/11/bits/unique_ptr.h:306:9: note:   template argument deduction/substitution failed:
[6.011s] /home/eragon/ArUco/src/robot_camera_processor/src/robot_camera_processor_node.cpp:17:62: note:   candidate expects 2 arguments, 1 provided
[6.011s]    17 |     RobotCameraProcessor() : Node("robot_camera_processor"), tf_broadcaster_(this) {
[6.011s]       |                                                              ^~~~~~~~~~~~~~~~~~~~~
[6.011s] In file included from /usr/include/c++/11/memory:76,
[6.012s]                  from /opt/ros/humble/include/rclcpp/rclcpp/rclcpp.hpp:153,
[6.012s]                  from /home/eragon/ArUco/src/robot_camera_processor/src/robot_camera_processor_node.cpp:1:
[6.012s] /usr/include/c++/11/bits/unique_ptr.h:294:9: note: candidate: ‘template<class _Del, class> std::unique_ptr<_Tp, _Dp>::unique_ptr(std::unique_ptr<_Tp, _Dp>::pointer, const deleter_type&) [with _Del = _Del; <template-parameter-2-2> = <template-parameter-1-2>; _Tp = tf2_ros::TransformBroadcaster; _Dp = std::default_delete<tf2_ros::TransformBroadcaster>]’
[6.012s]   294 |         unique_ptr(pointer __p, const deleter_type& __d) noexcept
[6.012s]       |         ^~~~~~~~~~
[6.012s] /usr/include/c++/11/bits/unique_ptr.h:294:9: note:   template argument deduction/substitution failed:
[6.013s] /home/eragon/ArUco/src/robot_camera_processor/src/robot_camera_processor_node.cpp:17:62: note:   candidate expects 2 arguments, 1 provided
[6.013s]    17 |     RobotCameraProcessor() : Node("robot_camera_processor"), tf_broadcaster_(this) {
[6.013s]       |                                                              ^~~~~~~~~~~~~~~~~~~~~
[6.013s] In file included from /usr/include/c++/11/memory:76,
[6.013s]                  from /opt/ros/humble/include/rclcpp/rclcpp/rclcpp.hpp:153,
[6.013s]                  from /home/eragon/ArUco/src/robot_camera_processor/src/robot_camera_processor_node.cpp:1:
[6.013s] /usr/include/c++/11/bits/unique_ptr.h:281:9: note: candidate: ‘template<class _Del, class> std::unique_ptr<_Tp, _Dp>::unique_ptr(std::unique_ptr<_Tp, _Dp>::pointer) [with _Del = _Del; <template-parameter-2-2> = <template-parameter-1-2>; _Tp = tf2_ros::TransformBroadcaster; _Dp = std::default_delete<tf2_ros::TransformBroadcaster>]’
[6.014s]   281 |         unique_ptr(pointer __p) noexcept
[6.014s]       |         ^~~~~~~~~~
[6.014s] /usr/include/c++/11/bits/unique_ptr.h:281:9: note:   template argument deduction/substitution failed:
[6.014s] /home/eragon/ArUco/src/robot_camera_processor/src/robot_camera_processor_node.cpp:17:78: note:   cannot convert ‘(RobotCameraProcessor*)this’ (type ‘RobotCameraProcessor*’) to type ‘std::unique_ptr<tf2_ros::TransformBroadcaster>::pointer’ {aka ‘tf2_ros::TransformBroadcaster*’}
[6.014s]    17 |     RobotCameraProcessor() : Node("robot_camera_processor"), tf_broadcaster_(this) {
[6.014s]       |                                                                              ^~~~
[6.015s] In file included from /usr/include/c++/11/memory:76,
[6.015s]                  from /opt/ros/humble/include/rclcpp/rclcpp/rclcpp.hpp:153,
[6.015s]                  from /home/eragon/ArUco/src/robot_camera_processor/src/robot_camera_processor_node.cpp:1:
[6.015s] /usr/include/c++/11/bits/unique_ptr.h:269:19: note: candidate: ‘template<class _Del, class> constexpr std::unique_ptr<_Tp, _Dp>::unique_ptr() [with _Del = _Del; <template-parameter-2-2> = <template-parameter-1-2>; _Tp = tf2_ros::TransformBroadcaster; _Dp = std::default_delete<tf2_ros::TransformBroadcaster>]’
[6.015s]   269 |         constexpr unique_ptr() noexcept
[6.015s]       |                   ^~~~~~~~~~
[6.015s] /usr/include/c++/11/bits/unique_ptr.h:269:19: note:   template argument deduction/substitution failed:
[6.016s] /home/eragon/ArUco/src/robot_camera_processor/src/robot_camera_processor_node.cpp:17:62: note:   candidate expects 0 arguments, 1 provided
[6.016s]    17 |     RobotCameraProcessor() : Node("robot_camera_processor"), tf_broadcaster_(this) {
[6.016s]       |                                                              ^~~~~~~~~~~~~~~~~~~~~
[6.016s] In file included from /usr/include/c++/11/memory:76,
[6.016s]                  from /opt/ros/humble/include/rclcpp/rclcpp/rclcpp.hpp:153,
[6.016s]                  from /home/eragon/ArUco/src/robot_camera_processor/src/robot_camera_processor_node.cpp:1:
[6.017s] /usr/include/c++/11/bits/unique_ptr.h:327:7: note: candidate: ‘std::unique_ptr<_Tp, _Dp>::unique_ptr(std::unique_ptr<_Tp, _Dp>&&) [with _Tp = tf2_ros::TransformBroadcaster; _Dp = std::default_delete<tf2_ros::TransformBroadcaster>]’
[6.017s]   327 |       unique_ptr(unique_ptr&&) = default;
[6.017s]       |       ^~~~~~~~~~
[6.017s] /usr/include/c++/11/bits/unique_ptr.h:327:18: note:   no known conversion for argument 1 from ‘RobotCameraProcessor*’ to ‘std::unique_ptr<tf2_ros::TransformBroadcaster>&&’
[6.017s]   327 |       unique_ptr(unique_ptr&&) = default;
[6.017s]       |                  ^~~~~~~~~~~~
[6.045s] /home/eragon/ArUco/src/robot_camera_processor/src/robot_camera_processor_node.cpp: In member function ‘void RobotCameraProcessor::image_callback(const ConstSharedPtr&)’:
[6.046s] /home/eragon/ArUco/src/robot_camera_processor/src/robot_camera_processor_node.cpp:109:39: warning: narrowing conversion of ‘((-((RobotCameraProcessor*)this)->RobotCameraProcessor::marker_size_) / (double)2)’ from ‘double’ to ‘float’ [-Wnarrowing]
[6.046s]   109 |                         {-marker_size_/2, marker_size_/2, 0},   // Верхний левый
[6.046s]       |                          ~~~~~~~~~~~~~^~
[6.046s] /home/eragon/ArUco/src/robot_camera_processor/src/robot_camera_processor_node.cpp:109:55: warning: narrowing conversion of ‘(((RobotCameraProcessor*)this)->RobotCameraProcessor::marker_size_ / (double)2)’ from ‘double’ to ‘float’ [-Wnarrowing]
[6.046s]   109 |                         {-marker_size_/2, marker_size_/2, 0},   // Верхний левый
[6.047s]       |                                           ~~~~~~~~~~~~^~
[6.047s] /home/eragon/ArUco/src/robot_camera_processor/src/robot_camera_processor_node.cpp:110:38: warning: narrowing conversion of ‘(((RobotCameraProcessor*)this)->RobotCameraProcessor::marker_size_ / (double)2)’ from ‘double’ to ‘float’ [-Wnarrowing]
[6.047s]   110 |                         {marker_size_/2, marker_size_/2, 0},    // Верхний правый
[6.047s]       |                          ~~~~~~~~~~~~^~
[6.047s] /home/eragon/ArUco/src/robot_camera_processor/src/robot_camera_processor_node.cpp:110:54: warning: narrowing conversion of ‘(((RobotCameraProcessor*)this)->RobotCameraProcessor::marker_size_ / (double)2)’ from ‘double’ to ‘float’ [-Wnarrowing]
[6.047s]   110 |                         {marker_size_/2, marker_size_/2, 0},    // Верхний правый
[6.048s]       |                                          ~~~~~~~~~~~~^~
[6.048s] /home/eragon/ArUco/src/robot_camera_processor/src/robot_camera_processor_node.cpp:111:38: warning: narrowing conversion of ‘(((RobotCameraProcessor*)this)->RobotCameraProcessor::marker_size_ / (double)2)’ from ‘double’ to ‘float’ [-Wnarrowing]
[6.048s]   111 |                         {marker_size_/2, -marker_size_/2, 0},   // Нижний правый
[6.048s]       |                          ~~~~~~~~~~~~^~
[6.048s] /home/eragon/ArUco/src/robot_camera_processor/src/robot_camera_processor_node.cpp:111:55: warning: narrowing conversion of ‘((-((RobotCameraProcessor*)this)->RobotCameraProcessor::marker_size_) / (double)2)’ from ‘double’ to ‘float’ [-Wnarrowing]
[6.048s]   111 |                         {marker_size_/2, -marker_size_/2, 0},   // Нижний правый
[6.048s]       |                                          ~~~~~~~~~~~~~^~
[6.049s] /home/eragon/ArUco/src/robot_camera_processor/src/robot_camera_processor_node.cpp:112:39: warning: narrowing conversion of ‘((-((RobotCameraProcessor*)this)->RobotCameraProcessor::marker_size_) / (double)2)’ from ‘double’ to ‘float’ [-Wnarrowing]
[6.049s]   112 |                         {-marker_size_/2, -marker_size_/2, 0}   // Нижний левый
[6.049s]       |                          ~~~~~~~~~~~~~^~
[6.049s] /home/eragon/ArUco/src/robot_camera_processor/src/robot_camera_processor_node.cpp:112:56: warning: narrowing conversion of ‘((-((RobotCameraProcessor*)this)->RobotCameraProcessor::marker_size_) / (double)2)’ from ‘double’ to ‘float’ [-Wnarrowing]
[6.049s]   112 |                         {-marker_size_/2, -marker_size_/2, 0}   // Нижний левый
[6.049s]       |                                           ~~~~~~~~~~~~~^~
[7.734s] gmake[2]: *** [CMakeFiles/robot_camera_processor_node.dir/build.make:76: CMakeFiles/robot_camera_processor_node.dir/src/robot_camera_processor_node.cpp.o] Ошибка 1
[7.734s] gmake[1]: *** [CMakeFiles/Makefile2:137: CMakeFiles/robot_camera_processor_node.dir/all] Ошибка 2
[7.735s] gmake: *** [Makefile:146: all] Ошибка 2
[7.738s] Invoked command in '/home/eragon/ArUco/build/robot_camera_processor' returned '2': CMAKE_PREFIX_PATH=${CMAKE_PREFIX_PATH}:/opt/ros/humble /usr/bin/cmake --build /home/eragon/ArUco/build/robot_camera_processor -- -j8 -l8
