[0.040s] Invoking command in '/home/eragon/ArUco/build/robot_camera_processor': CMAKE_PREFIX_PATH=${CMAKE_PREFIX_PATH}:/opt/ros/humble /usr/bin/cmake --build /home/eragon/ArUco/build/robot_camera_processor -- -j8 -l8
[0.142s] Consolidate compiler generated dependencies of target robot_camera_processor_node
[0.203s] [ 50%] Building CXX object CMakeFiles/robot_camera_processor_node.dir/src/robot_camera_processor_node.cpp.o
[6.635s] /home/eragon/ArUco/src/robot_camera_processor/src/robot_camera_processor_node.cpp: In member function ‘void RobotCameraProcessor::timer_callback()’:
[6.635s] /home/eragon/ArUco/src/robot_camera_processor/src/robot_camera_processor_node.cpp:100:39: warning: narrowing conversion of ‘((-((RobotCameraProcessor*)this)->RobotCameraProcessor::marker_size_) / (double)2)’ from ‘double’ to ‘float’ [-Wnarrowing]
[6.635s]   100 |                         {-marker_size_/2, marker_size_/2, 0},
[6.635s]       |                          ~~~~~~~~~~~~~^~
[6.636s] /home/eragon/ArUco/src/robot_camera_processor/src/robot_camera_processor_node.cpp:100:55: warning: narrowing conversion of ‘(((RobotCameraProcessor*)this)->RobotCameraProcessor::marker_size_ / (double)2)’ from ‘double’ to ‘float’ [-Wnarrowing]
[6.636s]   100 |                         {-marker_size_/2, marker_size_/2, 0},
[6.636s]       |                                           ~~~~~~~~~~~~^~
[6.636s] /home/eragon/ArUco/src/robot_camera_processor/src/robot_camera_processor_node.cpp:101:38: warning: narrowing conversion of ‘(((RobotCameraProcessor*)this)->RobotCameraProcessor::marker_size_ / (double)2)’ from ‘double’ to ‘float’ [-Wnarrowing]
[6.636s]   101 |                         {marker_size_/2, marker_size_/2, 0},
[6.636s]       |                          ~~~~~~~~~~~~^~
[6.636s] /home/eragon/ArUco/src/robot_camera_processor/src/robot_camera_processor_node.cpp:101:54: warning: narrowing conversion of ‘(((RobotCameraProcessor*)this)->RobotCameraProcessor::marker_size_ / (double)2)’ from ‘double’ to ‘float’ [-Wnarrowing]
[6.637s]   101 |                         {marker_size_/2, marker_size_/2, 0},
[6.637s]       |                                          ~~~~~~~~~~~~^~
[6.637s] /home/eragon/ArUco/src/robot_camera_processor/src/robot_camera_processor_node.cpp:102:38: warning: narrowing conversion of ‘(((RobotCameraProcessor*)this)->RobotCameraProcessor::marker_size_ / (double)2)’ from ‘double’ to ‘float’ [-Wnarrowing]
[6.637s]   102 |                         {marker_size_/2, -marker_size_/2, 0},
[6.637s]       |                          ~~~~~~~~~~~~^~
[6.637s] /home/eragon/ArUco/src/robot_camera_processor/src/robot_camera_processor_node.cpp:102:55: warning: narrowing conversion of ‘((-((RobotCameraProcessor*)this)->RobotCameraProcessor::marker_size_) / (double)2)’ from ‘double’ to ‘float’ [-Wnarrowing]
[6.637s]   102 |                         {marker_size_/2, -marker_size_/2, 0},
[6.638s]       |                                          ~~~~~~~~~~~~~^~
[6.638s] /home/eragon/ArUco/src/robot_camera_processor/src/robot_camera_processor_node.cpp:103:39: warning: narrowing conversion of ‘((-((RobotCameraProcessor*)this)->RobotCameraProcessor::marker_size_) / (double)2)’ from ‘double’ to ‘float’ [-Wnarrowing]
[6.638s]   103 |                         {-marker_size_/2, -marker_size_/2, 0}
[6.638s]       |                          ~~~~~~~~~~~~~^~
[6.638s] /home/eragon/ArUco/src/robot_camera_processor/src/robot_camera_processor_node.cpp:103:56: warning: narrowing conversion of ‘((-((RobotCameraProcessor*)this)->RobotCameraProcessor::marker_size_) / (double)2)’ from ‘double’ to ‘float’ [-Wnarrowing]
[6.638s]   103 |                         {-marker_size_/2, -marker_size_/2, 0}
[6.638s]       |                                           ~~~~~~~~~~~~~^~
[6.645s] /home/eragon/ArUco/src/robot_camera_processor/src/robot_camera_processor_node.cpp:126:23: error: base operand of ‘->’ has non-pointer type ‘image_transport::Publisher’
[6.646s]   126 |             pub_image_->publish(msg);
[6.646s]       |                       ^~
[9.048s] gmake[2]: *** [CMakeFiles/robot_camera_processor_node.dir/build.make:76: CMakeFiles/robot_camera_processor_node.dir/src/robot_camera_processor_node.cpp.o] Ошибка 1
[9.048s] gmake[1]: *** [CMakeFiles/Makefile2:137: CMakeFiles/robot_camera_processor_node.dir/all] Ошибка 2
[9.048s] gmake: *** [Makefile:146: all] Ошибка 2
[9.053s] Invoked command in '/home/eragon/ArUco/build/robot_camera_processor' returned '2': CMAKE_PREFIX_PATH=${CMAKE_PREFIX_PATH}:/opt/ros/humble /usr/bin/cmake --build /home/eragon/ArUco/build/robot_camera_processor -- -j8 -l8
