[0.038s] Invoking command in '/home/eragon/ArUco/build/lab4_image_receiver': CMAKE_PREFIX_PATH=${CMAKE_PREFIX_PATH}:/opt/ros/humble /usr/bin/cmake --build /home/eragon/ArUco/build/lab4_image_receiver -- -j8 -l8
[0.090s] -- Found ament_cmake: 1.3.11 (/opt/ros/humble/share/ament_cmake/cmake)
[0.300s] -- Found rclcpp: 16.0.12 (/opt/ros/humble/share/rclcpp/cmake)
[0.353s] -- Found rosidl_generator_c: 3.1.6 (/opt/ros/humble/share/rosidl_generator_c/cmake)
[0.356s] -- Found rosidl_adapter: 3.1.6 (/opt/ros/humble/share/rosidl_adapter/cmake)
[0.363s] -- Found rosidl_generator_cpp: 3.1.6 (/opt/ros/humble/share/rosidl_generator_cpp/cmake)
[0.375s] -- Using all available rosidl_typesupport_c: rosidl_typesupport_fastrtps_c;rosidl_typesupport_introspection_c
[0.389s] -- Using all available rosidl_typesupport_cpp: rosidl_typesupport_fastrtps_cpp;rosidl_typesupport_introspection_cpp
[0.426s] -- Found rmw_implementation_cmake: 6.1.2 (/opt/ros/humble/share/rmw_implementation_cmake/cmake)
[0.427s] -- Found rmw_fastrtps_cpp: 6.2.7 (/opt/ros/humble/share/rmw_fastrtps_cpp/cmake)
[0.569s] -- Using RMW implementation 'rmw_fastrtps_cpp' as default
[0.623s] -- Found sensor_msgs: 4.8.0 (/opt/ros/humble/share/sensor_msgs/cmake)
[0.654s] -- Found cv_bridge: 3.2.1 (/opt/ros/humble/share/cv_bridge/cmake)
[0.668s] -- Found image_transport: 3.1.11 (/opt/ros/humble/share/image_transport/cmake)
[0.695s] -- Found tf2: 0.25.12 (/opt/ros/humble/share/tf2/cmake)
[0.798s] -- Configuring done
[0.837s] -- Generating done
[0.845s] -- Build files have been written to: /home/eragon/ArUco/build/lab4_image_receiver
[0.903s] Consolidate compiler generated dependencies of target lab4_image_receiver_node
[0.944s] [ 50%] Building CXX object CMakeFiles/lab4_image_receiver_node.dir/src/lab4_image_receiver_node.cpp.o
[5.143s] /home/eragon/ArUco/src/lab4_image_receiver/src/lab4_image_receiver_node.cpp: In member function ‘void RobotCameraProcessor::image_callback(const ConstSharedPtr&)’:
[5.143s] /home/eragon/ArUco/src/lab4_image_receiver/src/lab4_image_receiver_node.cpp:92:21: error: ‘tf2’ has not been declared
[5.143s]    92 |                     tf2::Matrix3x3 tf_rotation(
[5.143s]       |                     ^~~
[5.143s] /home/eragon/ArUco/src/lab4_image_receiver/src/lab4_image_receiver_node.cpp:96:21: error: ‘tf2’ has not been declared
[5.143s]    96 |                     tf2::Quaternion q;
[5.144s]       |                     ^~~
[5.164s] /home/eragon/ArUco/src/lab4_image_receiver/src/lab4_image_receiver_node.cpp:97:21: error: ‘tf_rotation’ was not declared in this scope
[5.164s]    97 |                     tf_rotation.getRotation(q);
[5.164s]       |                     ^~~~~~~~~~~
[5.171s] /home/eragon/ArUco/src/lab4_image_receiver/src/lab4_image_receiver_node.cpp:97:45: error: ‘q’ was not declared in this scope
[5.171s]    97 |                     tf_rotation.getRotation(q);
[5.171s]       |                                             ^
[6.605s] gmake[2]: *** [CMakeFiles/lab4_image_receiver_node.dir/build.make:76: CMakeFiles/lab4_image_receiver_node.dir/src/lab4_image_receiver_node.cpp.o] Ошибка 1
[6.606s] gmake[1]: *** [CMakeFiles/Makefile2:137: CMakeFiles/lab4_image_receiver_node.dir/all] Ошибка 2
[6.606s] gmake: *** [Makefile:146: all] Ошибка 2
[6.612s] Invoked command in '/home/eragon/ArUco/build/lab4_image_receiver' returned '2': CMAKE_PREFIX_PATH=${CMAKE_PREFIX_PATH}:/opt/ros/humble /usr/bin/cmake --build /home/eragon/ArUco/build/lab4_image_receiver -- -j8 -l8
