[0.061s] Invoking command in '/home/eragon/ArUco/build/robot_camera_processor': CMAKE_PREFIX_PATH=${CMAKE_PREFIX_PATH}:/opt/ros/humble /usr/bin/cmake --build /home/eragon/ArUco/build/robot_camera_processor -- -j8 -l8
[0.180s] Consolidate compiler generated dependencies of target robot_camera_processor_node
[0.253s] [ 50%] Building CXX object CMakeFiles/robot_camera_processor_node.dir/src/robot_camera_processor_node.cpp.o
[7.691s] /home/eragon/ArUco/src/robot_camera_processor/src/robot_camera_processor_node.cpp: In member function ‘void RobotCameraProcessor::timer_callback()’:
[7.691s] /home/eragon/ArUco/src/robot_camera_processor/src/robot_camera_processor_node.cpp:103:39: warning: narrowing conversion of ‘((-((RobotCameraProcessor*)this)->RobotCameraProcessor::marker_size_) / (double)2)’ from ‘double’ to ‘float’ [-Wnarrowing]
[7.691s]   103 |                         {-marker_size_/2, marker_size_/2, 0},
[7.692s]       |                          ~~~~~~~~~~~~~^~
[7.692s] /home/eragon/ArUco/src/robot_camera_processor/src/robot_camera_processor_node.cpp:103:55: warning: narrowing conversion of ‘(((RobotCameraProcessor*)this)->RobotCameraProcessor::marker_size_ / (double)2)’ from ‘double’ to ‘float’ [-Wnarrowing]
[7.692s]   103 |                         {-marker_size_/2, marker_size_/2, 0},
[7.692s]       |                                           ~~~~~~~~~~~~^~
[7.692s] /home/eragon/ArUco/src/robot_camera_processor/src/robot_camera_processor_node.cpp:104:38: warning: narrowing conversion of ‘(((RobotCameraProcessor*)this)->RobotCameraProcessor::marker_size_ / (double)2)’ from ‘double’ to ‘float’ [-Wnarrowing]
[7.692s]   104 |                         {marker_size_/2, marker_size_/2, 0},
[7.693s]       |                          ~~~~~~~~~~~~^~
[7.693s] /home/eragon/ArUco/src/robot_camera_processor/src/robot_camera_processor_node.cpp:104:54: warning: narrowing conversion of ‘(((RobotCameraProcessor*)this)->RobotCameraProcessor::marker_size_ / (double)2)’ from ‘double’ to ‘float’ [-Wnarrowing]
[7.693s]   104 |                         {marker_size_/2, marker_size_/2, 0},
[7.693s]       |                                          ~~~~~~~~~~~~^~
[7.693s] /home/eragon/ArUco/src/robot_camera_processor/src/robot_camera_processor_node.cpp:105:38: warning: narrowing conversion of ‘(((RobotCameraProcessor*)this)->RobotCameraProcessor::marker_size_ / (double)2)’ from ‘double’ to ‘float’ [-Wnarrowing]
[7.693s]   105 |                         {marker_size_/2, -marker_size_/2, 0},
[7.694s]       |                          ~~~~~~~~~~~~^~
[7.694s] /home/eragon/ArUco/src/robot_camera_processor/src/robot_camera_processor_node.cpp:105:55: warning: narrowing conversion of ‘((-((RobotCameraProcessor*)this)->RobotCameraProcessor::marker_size_) / (double)2)’ from ‘double’ to ‘float’ [-Wnarrowing]
[7.694s]   105 |                         {marker_size_/2, -marker_size_/2, 0},
[7.694s]       |                                          ~~~~~~~~~~~~~^~
[7.694s] /home/eragon/ArUco/src/robot_camera_processor/src/robot_camera_processor_node.cpp:106:39: warning: narrowing conversion of ‘((-((RobotCameraProcessor*)this)->RobotCameraProcessor::marker_size_) / (double)2)’ from ‘double’ to ‘float’ [-Wnarrowing]
[7.694s]   106 |                         {-marker_size_/2, -marker_size_/2, 0}
[7.695s]       |                          ~~~~~~~~~~~~~^~
[7.695s] /home/eragon/ArUco/src/robot_camera_processor/src/robot_camera_processor_node.cpp:106:56: warning: narrowing conversion of ‘((-((RobotCameraProcessor*)this)->RobotCameraProcessor::marker_size_) / (double)2)’ from ‘double’ to ‘float’ [-Wnarrowing]
[7.695s]   106 |                         {-marker_size_/2, -marker_size_/2, 0}
[7.695s]       |                                           ~~~~~~~~~~~~~^~
[7.717s] /home/eragon/ArUco/src/robot_camera_processor/src/robot_camera_processor_node.cpp:129:13: error: ‘pub_image’ was not declared in this scope; did you mean ‘pub_image_’?
[7.717s]   129 |             pub_image->publish(*msg);
[7.717s]       |             ^~~~~~~~~
[7.718s]       |             pub_image_
[7.721s] /home/eragon/ArUco/src/robot_camera_processor/src/robot_camera_processor_node.cpp: In member function ‘void RobotCameraProcessor::publish_marker_pose(int, const Vec3d&, const Vec3d&)’:
[7.721s] /home/eragon/ArUco/src/robot_camera_processor/src/robot_camera_processor_node.cpp:136:34: warning: unused parameter ‘marker_id’ [-Wunused-parameter]
[7.721s]   136 |     void publish_marker_pose(int marker_id, const cv::Vec3d& rvec, const cv::Vec3d& tvec) {
[7.721s]       |                              ~~~~^~~~~~~~~
[10.297s] gmake[2]: *** [CMakeFiles/robot_camera_processor_node.dir/build.make:76: CMakeFiles/robot_camera_processor_node.dir/src/robot_camera_processor_node.cpp.o] Ошибка 1
[10.298s] gmake[1]: *** [CMakeFiles/Makefile2:137: CMakeFiles/robot_camera_processor_node.dir/all] Ошибка 2
[10.298s] gmake: *** [Makefile:146: all] Ошибка 2
[10.304s] Invoked command in '/home/eragon/ArUco/build/robot_camera_processor' returned '2': CMAKE_PREFIX_PATH=${CMAKE_PREFIX_PATH}:/opt/ros/humble /usr/bin/cmake --build /home/eragon/ArUco/build/robot_camera_processor -- -j8 -l8
